<?xml version="1.0" encoding="UTF-8"?>
<testsuites name="Assignment Practice" time="29" tests="0" failures="1" errors="0">
   <testsuite name="Assignment Practice" tests="0" failures="1" errors="0" time="29" timestamp="2018-07-24 15:35:13" hostname="slk - WSLK1FFTRFW-02" id="Test Suites/Assignment Practice">
      <properties>
         <property name="deviceName" value=""/>
         <property name="devicePlatform" value=""/>
         <property name="logFolder" value="C:\\Users\\slk.WSLK1FFTRFW-02.001\\Katalon Studio\\Demo\\Reports\\Assignment Practice\\20180724_153512"/>
         <property name="logFiles" value="C:\\Users\\slk.WSLK1FFTRFW-02.001\\Katalon Studio\\Demo\\Reports\\Assignment Practice\\20180724_153512\\execution0.log"/>
         <property name="attachments" value="C:\\Users\\slk.WSLK1FFTRFW-02.001\\Katalon Studio\\Demo\\Reports\\Assignment Practice\\20180724_153512\\1532426741087.png"/>
         <property name="hostName" value="slk - WSLK1FFTRFW-02"/>
         <property name="os" value="Windows 7 64bit"/>
         <property name="katalonVersion" value="5.5.0.1"/>
         <property name="browser" value="Firefox 59.0"/>
         <property name="hostAddress" value="10.10.10.11"/>
         <property name="sessionId" value="a4011e5f-9b68-493d-b726-5f48383796d6"/>
         <property name="seleniumVersion" value="3.7.1"/>
         <property name="proxyInformation" value="ProxyInformation{proxyOption=NO_PROXY, proxyServerType=HTTP, password=, proxyServerAddress=, proxyServerPort=0}"/>
         <property name="platform" value="Windows 7"/>
      </properties>
      <testcase name="Test Cases/Login/Assignment Practice" classname="Test Cases/Login/Assignment Practice" status="FAILED">
         <failure type="FAILED" message="Unable to navigate to '&quot;https://opensource-demo.orangehrmlive.com/&quot;' (Root cause: java.nio.file.InvalidPathException: Illegal char &lt;&quot;> at index 0: &quot;https://opensource-demo.orangehrmlive.com/&quot;)"/>
         <system-out><![CDATA[2018-07-24 15:35:14 - [TEST_CASE][FAILED] - Test Cases/Login/Assignment Practice: Test Cases/Login/Assignment Practice FAILED because (of) Unable to navigate to '"https://opensource-demo.orangehrmlive.com/"' (Root cause: java.nio.file.InvalidPathException: Illegal char <"> at index 0: "https://opensource-demo.orangehrmlive.com/")

2018-07-24 15:35:14 - [TEST_STEP][PASSED] - openBrowser: Browser is opened with url: ''

2018-07-24 15:35:41 - [MESSAGE][PASSED] - Browser is opened with url: ''

2018-07-24 15:35:41 - [TEST_STEP][FAILED] - navigateToUrl: Unable to navigate to '"https://opensource-demo.orangehrmlive.com/"' (Root cause: java.nio.file.InvalidPathException: Illegal char <"> at index 0: "https://opensource-demo.orangehrmlive.com/")

2018-07-24 15:35:41 - [MESSAGE][FAILED] - Unable to navigate to '"https://opensource-demo.orangehrmlive.com/"' (Root cause: java.nio.file.InvalidPathException: Illegal char <"> at index 0: "https://opensource-demo.orangehrmlive.com/")
[[ATTACHMENT|C:\\Users\\slk.WSLK1FFTRFW-02.001\\Katalon Studio\\Demo\\Reports\\Assignment Practice\\20180724_153512\\1532426741087.png]]]]></system-out>
         <system-err><![CDATA[2018-07-24 15:35:14 - [TEST_CASE][FAILED] - Test Cases/Login/Assignment Practice: Test Cases/Login/Assignment Practice FAILED because (of) Unable to navigate to '"https://opensource-demo.orangehrmlive.com/"' (Root cause: java.nio.file.InvalidPathException: Illegal char <"> at index 0: "https://opensource-demo.orangehrmlive.com/")]]></system-err>
      </testcase>
      <system-out><![CDATA[2018-07-24 15:35:13 - [TEST_SUITE][FAILED] - Assignment Practice: Test Cases/Login/Assignment Practice FAILED because (of) Unable to navigate to '"https://opensource-demo.orangehrmlive.com/"' (Root cause: java.nio.file.InvalidPathException: Illegal char <"> at index 0: "https://opensource-demo.orangehrmlive.com/")]]></system-out>
      <system-err><![CDATA[2018-07-24 15:35:13 - [TEST_SUITE][FAILED] - Assignment Practice: Test Cases/Login/Assignment Practice FAILED because (of) Unable to navigate to '"https://opensource-demo.orangehrmlive.com/"' (Root cause: java.nio.file.InvalidPathException: Illegal char <"> at index 0: "https://opensource-demo.orangehrmlive.com/")]]></system-err>
   </testsuite>
</testsuites>
