<?xml version="1.0" encoding="UTF-8"?>
<testsuites name="New Test Suite1" time="29" tests="0" failures="1" errors="0">
   <testsuite name="New Test Suite1" tests="0" failures="1" errors="0" time="29" timestamp="2018-07-24 14:31:32" hostname="slk - WSLK1FFTRFW-02" id="Test Suites/New Test Suite1">
      <properties>
         <property name="deviceName" value=""/>
         <property name="devicePlatform" value=""/>
         <property name="logFolder" value="C:\\Users\\slk.WSLK1FFTRFW-02.001\\Katalon Studio\\Demo\\Reports\\New Test Suite1\\20180724_143131"/>
         <property name="logFiles" value="C:\\Users\\slk.WSLK1FFTRFW-02.001\\Katalon Studio\\Demo\\Reports\\New Test Suite1\\20180724_143131\\execution0.log"/>
         <property name="attachments" value="C:\\Users\\slk.WSLK1FFTRFW-02.001\\Katalon Studio\\Demo\\Reports\\New Test Suite1\\20180724_143131\\1532422919965.png"/>
         <property name="hostName" value="slk - WSLK1FFTRFW-02"/>
         <property name="os" value="Windows 7 64bit"/>
         <property name="katalonVersion" value="5.5.0.1"/>
         <property name="browser" value="Firefox 59.0"/>
         <property name="hostAddress" value="10.10.10.11"/>
         <property name="sessionId" value="1ac2f578-61a2-4af9-a5cf-10e5887e4ede"/>
         <property name="seleniumVersion" value="3.7.1"/>
         <property name="proxyInformation" value="ProxyInformation{proxyOption=NO_PROXY, proxyServerType=HTTP, password=, proxyServerAddress=, proxyServerPort=0}"/>
         <property name="platform" value="Windows 7"/>
      </properties>
      <testcase name="Test Cases/Login/Test2" classname="Test Cases/Login/Test2" status="FAILED">
         <failure type="FAILED" message="Unable to navigate to '&quot;http://demoaut.katalon.com/&quot;' (Root cause: java.nio.file.InvalidPathException: Illegal char &lt;&quot;> at index 0: &quot;http://demoaut.katalon.com/&quot;)"/>
         <system-out><![CDATA[2018-07-24 14:31:33 - [TEST_CASE][FAILED] - Test Cases/Login/Test2: Test Cases/Login/Test2 FAILED because (of) Unable to navigate to '"http://demoaut.katalon.com/"' (Root cause: java.nio.file.InvalidPathException: Illegal char <"> at index 0: "http://demoaut.katalon.com/")

2018-07-24 14:31:33 - [TEST_STEP][PASSED] - openBrowser: Browser is opened with url: ''

2018-07-24 14:31:59 - [MESSAGE][PASSED] - Browser is opened with url: ''

2018-07-24 14:31:59 - [TEST_STEP][FAILED] - navigateToUrl: Unable to navigate to '"http://demoaut.katalon.com/"' (Root cause: java.nio.file.InvalidPathException: Illegal char <"> at index 0: "http://demoaut.katalon.com/")

2018-07-24 14:31:59 - [MESSAGE][FAILED] - Unable to navigate to '"http://demoaut.katalon.com/"' (Root cause: java.nio.file.InvalidPathException: Illegal char <"> at index 0: "http://demoaut.katalon.com/")
[[ATTACHMENT|C:\\Users\\slk.WSLK1FFTRFW-02.001\\Katalon Studio\\Demo\\Reports\\New Test Suite1\\20180724_143131\\1532422919965.png]]]]></system-out>
         <system-err><![CDATA[2018-07-24 14:31:33 - [TEST_CASE][FAILED] - Test Cases/Login/Test2: Test Cases/Login/Test2 FAILED because (of) Unable to navigate to '"http://demoaut.katalon.com/"' (Root cause: java.nio.file.InvalidPathException: Illegal char <"> at index 0: "http://demoaut.katalon.com/")]]></system-err>
      </testcase>
      <system-out><![CDATA[2018-07-24 14:31:32 - [TEST_SUITE][FAILED] - New Test Suite1: Test Cases/Login/Test2 FAILED because (of) Unable to navigate to '"http://demoaut.katalon.com/"' (Root cause: java.nio.file.InvalidPathException: Illegal char <"> at index 0: "http://demoaut.katalon.com/")]]></system-out>
      <system-err><![CDATA[2018-07-24 14:31:32 - [TEST_SUITE][FAILED] - New Test Suite1: Test Cases/Login/Test2 FAILED because (of) Unable to navigate to '"http://demoaut.katalon.com/"' (Root cause: java.nio.file.InvalidPathException: Illegal char <"> at index 0: "http://demoaut.katalon.com/")]]></system-err>
   </testsuite>
</testsuites>
