<?xml version="1.0" encoding="UTF-8"?>
<testsuites name="assignment1" time="79" tests="2" failures="0" errors="0">
   <testsuite name="assignment1" tests="2" failures="0" errors="0" time="79" timestamp="2018-07-24 15:46:13" hostname="slk - WSLK1FFTRFW-02" id="Test Suites/assignment1">
      <properties>
         <property name="deviceName" value=""/>
         <property name="devicePlatform" value=""/>
         <property name="logFolder" value="C:\\Users\\slk.WSLK1FFTRFW-02.001\\Katalon Studio\\Demo\\Reports\\assignment1\\20180724_154505"/>
         <property name="logFiles" value="C:\\Users\\slk.WSLK1FFTRFW-02.001\\Katalon Studio\\Demo\\Reports\\assignment1\\20180724_154505\\execution0.log"/>
         <property name="attachments" value=""/>
         <property name="hostName" value="slk - WSLK1FFTRFW-02"/>
         <property name="os" value="Windows 7 64bit"/>
         <property name="katalonVersion" value="5.5.0.1"/>
         <property name="browser" value="Firefox 59.0"/>
         <property name="hostAddress" value="10.10.10.11"/>
         <property name="sessionId" value="d96e92f2-854f-4b6c-81ad-d80a4574f4da"/>
         <property name="seleniumVersion" value="3.7.1"/>
         <property name="proxyInformation" value="ProxyInformation{proxyOption=NO_PROXY, proxyServerType=HTTP, password=, proxyServerAddress=, proxyServerPort=0}"/>
         <property name="platform" value="Windows 7"/>
      </properties>
      <testcase name="Test Cases/Login/Assignment Practice" classname="Test Cases/Login/Assignment Practice" status="PASSED">
         <system-out><![CDATA[2018-07-24 15:46:13 - [TEST_CASE][PASSED] - Test Cases/Login/Assignment Practice: Test Cases/Login/Assignment Practice

2018-07-24 15:46:14 - [TEST_STEP][PASSED] - openBrowser: Browser is opened with url: ''

2018-07-24 15:46:40 - [MESSAGE][PASSED] - Browser is opened with url: ''

2018-07-24 15:46:40 - [TEST_STEP][PASSED] - navigateToUrl: Navigate to 'https://opensource-demo.orangehrmlive.com/' successfully

2018-07-24 15:46:44 - [MESSAGE][PASSED] - Navigate to 'https://opensource-demo.orangehrmlive.com/' successfully

2018-07-24 15:46:44 - [TEST_STEP][PASSED] - setText: Text 'Admin' is set on object 'Object Repository/Assignment Practice/Page_OrangeHRM/input_txtUsername'

2018-07-24 15:46:44 - [MESSAGE][PASSED] - Text 'Admin' is set on object 'Object Repository/Assignment Practice/Page_OrangeHRM/input_txtUsername'

2018-07-24 15:46:44 - [TEST_STEP][PASSED] - setText: Text 'Admin123' is set on object 'Object Repository/Assignment Practice/Page_OrangeHRM/input_txtPassword'

2018-07-24 15:46:44 - [MESSAGE][PASSED] - Text 'Admin123' is set on object 'Object Repository/Assignment Practice/Page_OrangeHRM/input_txtPassword'

2018-07-24 15:46:44 - [TEST_STEP][PASSED] - click: Object: 'Object Repository/Assignment Practice/Page_OrangeHRM/input_Submit' is clicked on

2018-07-24 15:46:46 - [MESSAGE][PASSED] - Object: 'Object Repository/Assignment Practice/Page_OrangeHRM/input_Submit' is clicked on]]></system-out>
         <system-err><![CDATA[]]></system-err>
      </testcase>
      <testcase name="Test Cases/Login/Assignment1" classname="Test Cases/Login/Assignment1" status="PASSED">
         <system-out><![CDATA[2018-07-24 15:46:48 - [TEST_CASE][PASSED] - Test Cases/Login/Assignment1: Test Cases/Login/Assignment1

2018-07-24 15:46:48 - [TEST_STEP][PASSED] - openBrowser: Browser is opened with url: ''

2018-07-24 15:46:48 - [MESSAGE][WARNING] - A browser is already opened. Closing browser and opening a new one

2018-07-24 15:47:13 - [MESSAGE][PASSED] - Browser is opened with url: ''

2018-07-24 15:47:13 - [TEST_STEP][PASSED] - navigateToUrl: Navigate to 'https://opensource-demo.orangehrmlive.com/' successfully

2018-07-24 15:47:18 - [MESSAGE][PASSED] - Navigate to 'https://opensource-demo.orangehrmlive.com/' successfully

2018-07-24 15:47:18 - [TEST_STEP][PASSED] - setText: Text 'Admin' is set on object 'Object Repository/Assignment1/Page_OrangeHRM/input_txtUsername'

2018-07-24 15:47:18 - [MESSAGE][PASSED] - Text 'Admin' is set on object 'Object Repository/Assignment1/Page_OrangeHRM/input_txtUsername'

2018-07-24 15:47:18 - [TEST_STEP][PASSED] - setEncryptedText: Text ****** has been set on object 'Object Repository/Assignment1/Page_OrangeHRM/input_txtPassword'

2018-07-24 15:47:19 - [MESSAGE][PASSED] - Text ****** has been set on object 'Object Repository/Assignment1/Page_OrangeHRM/input_txtPassword'

2018-07-24 15:47:19 - [TEST_STEP][PASSED] - click: Object: 'Object Repository/Assignment1/Page_OrangeHRM/input_Submit' is clicked on

2018-07-24 15:47:21 - [MESSAGE][PASSED] - Object: 'Object Repository/Assignment1/Page_OrangeHRM/input_Submit' is clicked on

2018-07-24 15:47:21 - [TEST_STEP][PASSED] - click: Object: 'Object Repository/Assignment1/Page_OrangeHRM/b_Admin' is clicked on

2018-07-24 15:47:22 - [MESSAGE][PASSED] - Object: 'Object Repository/Assignment1/Page_OrangeHRM/b_Admin' is clicked on

2018-07-24 15:47:22 - [TEST_STEP][PASSED] - click: Object: 'Object Repository/Assignment1/Page_OrangeHRM/b_PIM' is clicked on

2018-07-24 15:47:23 - [MESSAGE][PASSED] - Object: 'Object Repository/Assignment1/Page_OrangeHRM/b_PIM' is clicked on

2018-07-24 15:47:23 - [TEST_STEP][PASSED] - click: Object: 'Object Repository/Assignment1/Page_OrangeHRM/b_Leave' is clicked on

2018-07-24 15:47:24 - [MESSAGE][PASSED] - Object: 'Object Repository/Assignment1/Page_OrangeHRM/b_Leave' is clicked on

2018-07-24 15:47:24 - [TEST_STEP][PASSED] - click: Object: 'Object Repository/Assignment1/Page_OrangeHRM/b_Time' is clicked on

2018-07-24 15:47:25 - [MESSAGE][PASSED] - Object: 'Object Repository/Assignment1/Page_OrangeHRM/b_Time' is clicked on

2018-07-24 15:47:25 - [TEST_STEP][PASSED] - click: Object: 'Object Repository/Assignment1/Page_OrangeHRM/b_Recruitment' is clicked on

2018-07-24 15:47:26 - [MESSAGE][PASSED] - Object: 'Object Repository/Assignment1/Page_OrangeHRM/b_Recruitment' is clicked on

2018-07-24 15:47:26 - [TEST_STEP][PASSED] - click: Object: 'Object Repository/Assignment1/Page_OrangeHRM/b_Dashboard' is clicked on

2018-07-24 15:47:27 - [MESSAGE][PASSED] - Object: 'Object Repository/Assignment1/Page_OrangeHRM/b_Dashboard' is clicked on

2018-07-24 15:47:27 - [TEST_STEP][PASSED] - click: Object: 'Object Repository/Assignment1/Page_OrangeHRM/b_Directory' is clicked on

2018-07-24 15:47:30 - [MESSAGE][PASSED] - Object: 'Object Repository/Assignment1/Page_OrangeHRM/b_Directory' is clicked on

2018-07-24 15:47:30 - [TEST_STEP][PASSED] - click: Object: 'Object Repository/Assignment1/Page_OrangeHRM/a_Welcome Admin' is clicked on

2018-07-24 15:47:30 - [MESSAGE][PASSED] - Object: 'Object Repository/Assignment1/Page_OrangeHRM/a_Welcome Admin' is clicked on

2018-07-24 15:47:30 - [TEST_STEP][PASSED] - click: Object: 'Object Repository/Assignment1/Page_OrangeHRM/li_Logout' is clicked on

2018-07-24 15:47:30 - [MESSAGE][PASSED] - Object: 'Object Repository/Assignment1/Page_OrangeHRM/li_Logout' is clicked on]]></system-out>
         <system-err><![CDATA[]]></system-err>
      </testcase>
      <system-out><![CDATA[2018-07-24 15:46:13 - [TEST_SUITE][PASSED] - assignment1: Test Cases/Login/Assignment1]]></system-out>
      <system-err><![CDATA[]]></system-err>
   </testsuite>
</testsuites>
