<?xml version="1.0" encoding="UTF-8"?>
<testsuites name="Edit" time="45" tests="1" failures="0" errors="0">
   <testsuite name="Edit" tests="1" failures="0" errors="0" time="45" timestamp="2018-07-24 16:27:52" hostname="slk - WSLK1FFTRFW-02" id="Test Suites/Edit">
      <properties>
         <property name="deviceName" value=""/>
         <property name="devicePlatform" value=""/>
         <property name="logFolder" value="C:\\Users\\slk.WSLK1FFTRFW-02.001\\Katalon Studio\\Demo\\Reports\\Edit\\20180724_162750"/>
         <property name="logFiles" value="C:\\Users\\slk.WSLK1FFTRFW-02.001\\Katalon Studio\\Demo\\Reports\\Edit\\20180724_162750\\execution0.log"/>
         <property name="attachments" value=""/>
         <property name="hostName" value="slk - WSLK1FFTRFW-02"/>
         <property name="os" value="Windows 7 64bit"/>
         <property name="katalonVersion" value="5.5.0.1"/>
         <property name="browser" value="Firefox 59.0"/>
         <property name="hostAddress" value="10.10.10.11"/>
         <property name="sessionId" value="bc92d295-ac79-4d7a-97ae-0d50d57ed89f"/>
         <property name="seleniumVersion" value="3.7.1"/>
         <property name="proxyInformation" value="ProxyInformation{proxyOption=NO_PROXY, proxyServerType=HTTP, password=, proxyServerAddress=, proxyServerPort=0}"/>
         <property name="platform" value="Windows 7"/>
      </properties>
      <testcase name="Test Cases/Login/edit" classname="Test Cases/Login/edit" status="PASSED">
         <system-out><![CDATA[2018-07-24 16:27:52 - [TEST_CASE][PASSED] - Test Cases/Login/edit: Test Cases/Login/edit

2018-07-24 16:27:52 - [TEST_STEP][PASSED] - openBrowser: Browser is opened with url: ''

2018-07-24 16:28:18 - [MESSAGE][PASSED] - Browser is opened with url: ''

2018-07-24 16:28:18 - [TEST_STEP][PASSED] - navigateToUrl: Navigate to 'https://opensource-demo.orangehrmlive.com/index.php/recruitment/viewCandidates' successfully

2018-07-24 16:28:23 - [MESSAGE][PASSED] - Navigate to 'https://opensource-demo.orangehrmlive.com/index.php/recruitment/viewCandidates' successfully

2018-07-24 16:28:23 - [TEST_STEP][PASSED] - setText: Text 'Admin' is set on object 'Object Repository/Edit/Page_OrangeHRM/input_txtUsername'

2018-07-24 16:28:23 - [MESSAGE][PASSED] - Text 'Admin' is set on object 'Object Repository/Edit/Page_OrangeHRM/input_txtUsername'

2018-07-24 16:28:23 - [TEST_STEP][PASSED] - setEncryptedText: Text ****** has been set on object 'Object Repository/Edit/Page_OrangeHRM/input_txtPassword'

2018-07-24 16:28:24 - [MESSAGE][PASSED] - Text ****** has been set on object 'Object Repository/Edit/Page_OrangeHRM/input_txtPassword'

2018-07-24 16:28:24 - [TEST_STEP][PASSED] - click: Object: 'Object Repository/Edit/Page_OrangeHRM/input_Submit' is clicked on

2018-07-24 16:28:27 - [MESSAGE][PASSED] - Object: 'Object Repository/Edit/Page_OrangeHRM/input_Submit' is clicked on

2018-07-24 16:28:27 - [TEST_STEP][PASSED] - click: Object: 'Object Repository/Edit/Page_OrangeHRM/b_Recruitment' is clicked on

2018-07-24 16:28:27 - [MESSAGE][PASSED] - Object: 'Object Repository/Edit/Page_OrangeHRM/b_Recruitment' is clicked on

2018-07-24 16:28:27 - [TEST_STEP][PASSED] - setText: Text 'Radha' is set on object 'Object Repository/Edit/Page_OrangeHRM/input_candidateSearchcandidate'

2018-07-24 16:28:28 - [MESSAGE][PASSED] - Text 'Radha' is set on object 'Object Repository/Edit/Page_OrangeHRM/input_candidateSearchcandidate'

2018-07-24 16:28:28 - [TEST_STEP][PASSED] - click: Object: 'Object Repository/Edit/Page_OrangeHRM/li_Radha Krish Roy' is clicked on

2018-07-24 16:28:28 - [MESSAGE][PASSED] - Object: 'Object Repository/Edit/Page_OrangeHRM/li_Radha Krish Roy' is clicked on

2018-07-24 16:28:28 - [TEST_STEP][PASSED] - click: Object: 'Object Repository/Edit/Page_OrangeHRM/input_btnSrch' is clicked on

2018-07-24 16:28:28 - [MESSAGE][PASSED] - Object: 'Object Repository/Edit/Page_OrangeHRM/input_btnSrch' is clicked on

2018-07-24 16:28:28 - [TEST_STEP][PASSED] - click: Object: 'Object Repository/Edit/Page_OrangeHRM/a_Radha Krish Roy' is clicked on

2018-07-24 16:28:30 - [MESSAGE][PASSED] - Object: 'Object Repository/Edit/Page_OrangeHRM/a_Radha Krish Roy' is clicked on

2018-07-24 16:28:30 - [TEST_STEP][PASSED] - click: Object: 'Object Repository/Edit/Page_OrangeHRM/input_btnSave' is clicked on

2018-07-24 16:28:30 - [MESSAGE][PASSED] - Object: 'Object Repository/Edit/Page_OrangeHRM/input_btnSave' is clicked on

2018-07-24 16:28:30 - [TEST_STEP][PASSED] - setText: Text 'abcdef' is set on object 'Object Repository/Edit/Page_OrangeHRM/input_addCandidatekeyWords'

2018-07-24 16:28:30 - [MESSAGE][PASSED] - Text 'abcdef' is set on object 'Object Repository/Edit/Page_OrangeHRM/input_addCandidatekeyWords'

2018-07-24 16:28:30 - [TEST_STEP][PASSED] - click: Object: 'Object Repository/Edit/Page_OrangeHRM/input_btnSave' is clicked on

2018-07-24 16:28:32 - [MESSAGE][PASSED] - Object: 'Object Repository/Edit/Page_OrangeHRM/input_btnSave' is clicked on

2018-07-24 16:28:32 - [TEST_STEP][PASSED] - click: Object: 'Object Repository/Edit/Page_OrangeHRM/input_btnBack' is clicked on

2018-07-24 16:28:32 - [MESSAGE][PASSED] - Object: 'Object Repository/Edit/Page_OrangeHRM/input_btnBack' is clicked on

2018-07-24 16:28:32 - [TEST_STEP][PASSED] - click: Object: 'Object Repository/Edit/Page_OrangeHRM/div_Job Title  AllAccount Cler' is clicked on

2018-07-24 16:28:34 - [MESSAGE][PASSED] - Object: 'Object Repository/Edit/Page_OrangeHRM/div_Job Title  AllAccount Cler' is clicked on

2018-07-24 16:28:34 - [TEST_STEP][PASSED] - setText: Text 'Ra' is set on object 'Object Repository/Edit/Page_OrangeHRM/input_candidateSearchcandidate'

2018-07-24 16:28:34 - [MESSAGE][PASSED] - Text 'Ra' is set on object 'Object Repository/Edit/Page_OrangeHRM/input_candidateSearchcandidate'

2018-07-24 16:28:34 - [TEST_STEP][PASSED] - click: Object: 'Object Repository/Edit/Page_OrangeHRM/li_Radha Krish Roy' is clicked on

2018-07-24 16:28:34 - [MESSAGE][PASSED] - Object: 'Object Repository/Edit/Page_OrangeHRM/li_Radha Krish Roy' is clicked on

2018-07-24 16:28:34 - [TEST_STEP][PASSED] - click: Object: 'Object Repository/Edit/Page_OrangeHRM/a_Radha Krish Roy' is clicked on

2018-07-24 16:28:35 - [MESSAGE][PASSED] - Object: 'Object Repository/Edit/Page_OrangeHRM/a_Radha Krish Roy' is clicked on

2018-07-24 16:28:35 - [TEST_STEP][PASSED] - click: Object: 'Object Repository/Edit/Page_OrangeHRM/input_btnBack' is clicked on

2018-07-24 16:28:35 - [MESSAGE][PASSED] - Object: 'Object Repository/Edit/Page_OrangeHRM/input_btnBack' is clicked on]]></system-out>
         <system-err><![CDATA[]]></system-err>
      </testcase>
      <system-out><![CDATA[2018-07-24 16:27:52 - [TEST_SUITE][PASSED] - Edit: Test Cases/Login/edit]]></system-out>
      <system-err><![CDATA[]]></system-err>
   </testsuite>
</testsuites>
