<?xml version="1.0" encoding="UTF-8"?>
<testsuites name="Parametrization" time="36" tests="0" failures="1" errors="0">
   <testsuite name="Parametrization" tests="0" failures="1" errors="0" time="36" timestamp="2018-07-25 12:25:50" hostname="slk - WSLK1FFTRFW-02" id="Test Suites/Day2/Parametrization">
      <properties>
         <property name="deviceName" value=""/>
         <property name="devicePlatform" value=""/>
         <property name="logFolder" value="C:\\Users\\slk.WSLK1FFTRFW-02.001\\Katalon Studio\\Demo\\Reports\\Day2\\Parametrization\\20180725_122548"/>
         <property name="logFiles" value="C:\\Users\\slk.WSLK1FFTRFW-02.001\\Katalon Studio\\Demo\\Reports\\Day2\\Parametrization\\20180725_122548\\execution0.log"/>
         <property name="attachments" value="C:\\Users\\slk.WSLK1FFTRFW-02.001\\Katalon Studio\\Demo\\Reports\\Day2\\Parametrization\\20180725_122548\\1532501784321.png"/>
         <property name="hostName" value="slk - WSLK1FFTRFW-02"/>
         <property name="os" value="Windows 7 64bit"/>
         <property name="katalonVersion" value="5.5.0.1"/>
         <property name="browser" value="Firefox 59.0"/>
         <property name="hostAddress" value="10.10.10.11"/>
         <property name="sessionId" value="84b72ccb-7c69-4561-bd53-7b3692fd745d"/>
         <property name="seleniumVersion" value="3.7.1"/>
         <property name="proxyInformation" value="ProxyInformation{proxyOption=NO_PROXY, proxyServerType=HTTP, password=, proxyServerAddress=, proxyServerPort=0}"/>
         <property name="platform" value="Windows 7"/>
      </properties>
      <testcase name="Test Cases/Day2/Parametrization" classname="Test Cases/Day2/Parametrization" status="FAILED">
         <failure type="FAILED" message="Unable to set encrypted text for object 'Object Repository/Parametrization/Page_OrangeHRM/input_txtPassword' (Root cause: javax.crypto.IllegalBlockSizeException: Input length must be multiple of 8 when decrypting with padded cipher)"/>
         <system-out><![CDATA[2018-07-25 12:25:50 - [TEST_CASE][FAILED] - Test Cases/Day2/Parametrization: Test Cases/Day2/Parametrization FAILED because (of) Unable to set encrypted text for object 'Object Repository/Parametrization/Page_OrangeHRM/input_txtPassword' (Root cause: javax.crypto.IllegalBlockSizeException: Input length must be multiple of 8 when decrypting with padded cipher)

2018-07-25 12:25:50 - [TEST_STEP][PASSED] - openBrowser: Browser is opened with url: ''

2018-07-25 12:26:18 - [MESSAGE][PASSED] - Browser is opened with url: ''

2018-07-25 12:26:18 - [TEST_STEP][PASSED] - navigateToUrl: Navigate to 'https://opensource-demo.orangehrmlive.com/' successfully

2018-07-25 12:26:23 - [MESSAGE][PASSED] - Navigate to 'https://opensource-demo.orangehrmlive.com/' successfully

2018-07-25 12:26:23 - [TEST_STEP][PASSED] - click: Object: 'Object Repository/Parametrization/Page_OrangeHRM/span_Username' is clicked on

2018-07-25 12:26:24 - [MESSAGE][PASSED] - Object: 'Object Repository/Parametrization/Page_OrangeHRM/span_Username' is clicked on

2018-07-25 12:26:24 - [TEST_STEP][PASSED] - setText: Text 'Admin' is set on object 'Object Repository/Parametrization/Page_OrangeHRM/input_txtUsername'

2018-07-25 12:26:24 - [MESSAGE][PASSED] - Text 'Admin' is set on object 'Object Repository/Parametrization/Page_OrangeHRM/input_txtUsername'

2018-07-25 12:26:24 - [TEST_STEP][FAILED] - setEncryptedText: Unable to set encrypted text for object 'Object Repository/Parametrization/Page_OrangeHRM/input_txtPassword' (Root cause: javax.crypto.IllegalBlockSizeException: Input length must be multiple of 8 when decrypting with padded cipher)

2018-07-25 12:26:24 - [MESSAGE][FAILED] - Unable to set encrypted text for object 'Object Repository/Parametrization/Page_OrangeHRM/input_txtPassword' (Root cause: javax.crypto.IllegalBlockSizeException: Input length must be multiple of 8 when decrypting with padded cipher)
[[ATTACHMENT|C:\\Users\\slk.WSLK1FFTRFW-02.001\\Katalon Studio\\Demo\\Reports\\Day2\\Parametrization\\20180725_122548\\1532501784321.png]]]]></system-out>
         <system-err><![CDATA[2018-07-25 12:25:50 - [TEST_CASE][FAILED] - Test Cases/Day2/Parametrization: Test Cases/Day2/Parametrization FAILED because (of) Unable to set encrypted text for object 'Object Repository/Parametrization/Page_OrangeHRM/input_txtPassword' (Root cause: javax.crypto.IllegalBlockSizeException: Input length must be multiple of 8 when decrypting with padded cipher)]]></system-err>
      </testcase>
      <system-out><![CDATA[2018-07-25 12:25:50 - [TEST_SUITE][FAILED] - Parametrization: Test Cases/Day2/Parametrization FAILED because (of) Unable to set encrypted text for object 'Object Repository/Parametrization/Page_OrangeHRM/input_txtPassword' (Root cause: javax.crypto.IllegalBlockSizeException: Input length must be multiple of 8 when decrypting with padded cipher)]]></system-out>
      <system-err><![CDATA[2018-07-25 12:25:50 - [TEST_SUITE][FAILED] - Parametrization: Test Cases/Day2/Parametrization FAILED because (of) Unable to set encrypted text for object 'Object Repository/Parametrization/Page_OrangeHRM/input_txtPassword' (Root cause: javax.crypto.IllegalBlockSizeException: Input length must be multiple of 8 when decrypting with padded cipher)]]></system-err>
   </testsuite>
</testsuites>
